
*** Running vivado
    with args -log Complete_MIPS.vds -m64 -product Vivado -mode batch -messageDb vivado.pb -notrace -source Complete_MIPS.tcl



****** Vivado v2025.2 (64-bit)
  **** SW Build 6299465 on Fri Nov 14 19:35:11 GMT 2025
  **** IP Build 6300035 on Fri Nov 14 10:48:45 MST 2025
  **** SharedData Build 6298862 on Thu Nov 13 04:50:51 MST 2025
  **** Start of session at: Mon Apr 27 23:07:16 2026
    ** Copyright 1986-2022 Xilinx, Inc. All Rights Reserved.
    ** Copyright 2022-2025 Advanced Micro Devices, Inc. All Rights Reserved.

source Complete_MIPS.tcl -notrace
create_project: Time (s): cpu = 00:00:19 ; elapsed = 00:00:12 . Memory (MB): peak = 554.438 ; gain = 220.434
Command: read_checkpoint -auto_incremental -incremental C:/Users/danny/460M-Labs/lab7/lab7.srcs/utils_1/imports/synth_1/Complete_MIPS.dcp
INFO: [Vivado 12-5825] Read reference checkpoint from C:/Users/danny/460M-Labs/lab7/lab7.srcs/utils_1/imports/synth_1/Complete_MIPS.dcp for incremental synthesis
INFO: [Vivado 12-7989] Please ensure there are no constraint changes
Command: synth_design -top Complete_MIPS -part xc7a35tcpg236-1
Starting synth_design
Attempting to get a license for feature 'Synthesis' and/or device 'xc7a35t'
INFO: [Common 17-349] Got license for feature 'Synthesis' and/or device 'xc7a35t'
INFO: [Device 21-403] Loading part xc7a35tcpg236-1
INFO: [Designutils 20-5440] No compile time benefit to using incremental synthesis; A full resynthesis will be run
INFO: [Designutils 20-4379] Flow is switching to default flow due to incremental criteria not met. If you would like to alter this behaviour and have the flow terminate instead, please set the following parameter config_implementation {autoIncr.Synth.RejectBehavior Terminate}
INFO: [Synth 8-7079] Multithreading enabled for synth_design using a maximum of 2 processes.
INFO: [Synth 8-7078] Launching helper process for spawning children vivado processes
INFO: [Synth 8-7075] Helper process launched with PID 14072
---------------------------------------------------------------------------------
Starting RTL Elaboration : Time (s): cpu = 00:00:10 ; elapsed = 00:00:11 . Memory (MB): peak = 1287.465 ; gain = 541.578
---------------------------------------------------------------------------------
INFO: [Synth 8-6157] synthesizing module 'Complete_MIPS' [C:/Users/danny/460M-Labs/lab7/design_src/Complete_MIPS.v:4]
INFO: [Synth 8-6157] synthesizing module 'slow_clock' [C:/Users/danny/460M-Labs/lab7/design_src/slow_clock.v:23]
INFO: [Synth 8-6155] done synthesizing module 'slow_clock' (0#1) [C:/Users/danny/460M-Labs/lab7/design_src/slow_clock.v:23]
INFO: [Synth 8-6157] synthesizing module 'complexDivider' [C:/Users/danny/460M-Labs/lab7/design_src/complex_clk_divider.v:27]
INFO: [Synth 8-6155] done synthesizing module 'complexDivider' (0#1) [C:/Users/danny/460M-Labs/lab7/design_src/complex_clk_divider.v:27]
INFO: [Synth 8-6157] synthesizing module 'MIPS' [C:/Users/danny/460M-Labs/lab7/design_src/MIPS.v:10]
INFO: [Synth 8-6157] synthesizing module 'REG' [C:/Users/danny/460M-Labs/lab7/design_src/REG.v:4]
INFO: [Synth 8-6155] done synthesizing module 'REG' (0#1) [C:/Users/danny/460M-Labs/lab7/design_src/REG.v:4]
WARNING: [Synth 8-7071] port 'r2_out' of module 'REG' is unconnected for instance 'Register' [C:/Users/danny/460M-Labs/lab7/design_src/MIPS.v:75]
WARNING: [Synth 8-7071] port 'switch' of module 'REG' is unconnected for instance 'Register' [C:/Users/danny/460M-Labs/lab7/design_src/MIPS.v:75]
WARNING: [Synth 8-7023] instance 'Register' of module 'REG' has 11 connections declared, but only 9 given [C:/Users/danny/460M-Labs/lab7/design_src/MIPS.v:75]
INFO: [Synth 8-155] case statement is not full and has no default [C:/Users/danny/460M-Labs/lab7/design_src/MIPS.v:92]
INFO: [Synth 8-6155] done synthesizing module 'MIPS' (0#1) [C:/Users/danny/460M-Labs/lab7/design_src/MIPS.v:10]
INFO: [Synth 8-6157] synthesizing module 'Memory' [C:/Users/danny/460M-Labs/lab7/design_src/Memory.v:3]
INFO: [Synth 8-3876] $readmem data file 'PartB.mem' is read successfully [C:/Users/danny/460M-Labs/lab7/design_src/Memory.v:23]
INFO: [Synth 8-6155] done synthesizing module 'Memory' (0#1) [C:/Users/danny/460M-Labs/lab7/design_src/Memory.v:3]
INFO: [Synth 8-155] case statement is not full and has no default [C:/Users/danny/460M-Labs/lab7/design_src/Complete_MIPS.v:66]
INFO: [Synth 8-6155] done synthesizing module 'Complete_MIPS' (0#1) [C:/Users/danny/460M-Labs/lab7/design_src/Complete_MIPS.v:4]
WARNING: [Synth 8-3848] Net r1_out in module/entity REG does not have driver. [C:/Users/danny/460M-Labs/lab7/design_src/REG.v:14]
WARNING: [Synth 8-6014] Unused sequential element rbit_counter_reg was removed.  [C:/Users/danny/460M-Labs/lab7/design_src/MIPS.v:207]
WARNING: [Synth 8-3848] Net r2_out in module/entity MIPS does not have driver. [C:/Users/danny/460M-Labs/lab7/design_src/MIPS.v:16]
WARNING: [Synth 8-3848] Net led in module/entity Complete_MIPS does not have driver. [C:/Users/danny/460M-Labs/lab7/design_src/Complete_MIPS.v:12]
WARNING: [Synth 8-7129] Port r1_out[31] in module REG is either unconnected or has no load
WARNING: [Synth 8-7129] Port r1_out[30] in module REG is either unconnected or has no load
WARNING: [Synth 8-7129] Port r1_out[29] in module REG is either unconnected or has no load
WARNING: [Synth 8-7129] Port r1_out[28] in module REG is either unconnected or has no load
WARNING: [Synth 8-7129] Port r1_out[27] in module REG is either unconnected or has no load
WARNING: [Synth 8-7129] Port r1_out[26] in module REG is either unconnected or has no load
WARNING: [Synth 8-7129] Port r1_out[25] in module REG is either unconnected or has no load
WARNING: [Synth 8-7129] Port r1_out[24] in module REG is either unconnected or has no load
WARNING: [Synth 8-7129] Port r1_out[23] in module REG is either unconnected or has no load
WARNING: [Synth 8-7129] Port r1_out[22] in module REG is either unconnected or has no load
WARNING: [Synth 8-7129] Port r1_out[21] in module REG is either unconnected or has no load
WARNING: [Synth 8-7129] Port r1_out[20] in module REG is either unconnected or has no load
WARNING: [Synth 8-7129] Port r1_out[19] in module REG is either unconnected or has no load
WARNING: [Synth 8-7129] Port r1_out[18] in module REG is either unconnected or has no load
WARNING: [Synth 8-7129] Port r1_out[17] in module REG is either unconnected or has no load
WARNING: [Synth 8-7129] Port r1_out[16] in module REG is either unconnected or has no load
WARNING: [Synth 8-7129] Port r1_out[15] in module REG is either unconnected or has no load
WARNING: [Synth 8-7129] Port r1_out[14] in module REG is either unconnected or has no load
WARNING: [Synth 8-7129] Port r1_out[13] in module REG is either unconnected or has no load
WARNING: [Synth 8-7129] Port r1_out[12] in module REG is either unconnected or has no load
WARNING: [Synth 8-7129] Port r1_out[11] in module REG is either unconnected or has no load
WARNING: [Synth 8-7129] Port r1_out[10] in module REG is either unconnected or has no load
WARNING: [Synth 8-7129] Port r1_out[9] in module REG is either unconnected or has no load
WARNING: [Synth 8-7129] Port r1_out[8] in module REG is either unconnected or has no load
WARNING: [Synth 8-7129] Port r1_out[7] in module REG is either unconnected or has no load
WARNING: [Synth 8-7129] Port r1_out[6] in module REG is either unconnected or has no load
WARNING: [Synth 8-7129] Port r1_out[5] in module REG is either unconnected or has no load
WARNING: [Synth 8-7129] Port r1_out[4] in module REG is either unconnected or has no load
WARNING: [Synth 8-7129] Port r1_out[3] in module REG is either unconnected or has no load
WARNING: [Synth 8-7129] Port r1_out[2] in module REG is either unconnected or has no load
WARNING: [Synth 8-7129] Port r1_out[1] in module REG is either unconnected or has no load
WARNING: [Synth 8-7129] Port r1_out[0] in module REG is either unconnected or has no load
WARNING: [Synth 8-7129] Port r2_out[31] in module MIPS is either unconnected or has no load
WARNING: [Synth 8-7129] Port r2_out[30] in module MIPS is either unconnected or has no load
WARNING: [Synth 8-7129] Port r2_out[29] in module MIPS is either unconnected or has no load
WARNING: [Synth 8-7129] Port r2_out[28] in module MIPS is either unconnected or has no load
WARNING: [Synth 8-7129] Port r2_out[27] in module MIPS is either unconnected or has no load
WARNING: [Synth 8-7129] Port r2_out[26] in module MIPS is either unconnected or has no load
WARNING: [Synth 8-7129] Port r2_out[25] in module MIPS is either unconnected or has no load
WARNING: [Synth 8-7129] Port r2_out[24] in module MIPS is either unconnected or has no load
WARNING: [Synth 8-7129] Port r2_out[23] in module MIPS is either unconnected or has no load
WARNING: [Synth 8-7129] Port r2_out[22] in module MIPS is either unconnected or has no load
WARNING: [Synth 8-7129] Port r2_out[21] in module MIPS is either unconnected or has no load
WARNING: [Synth 8-7129] Port r2_out[20] in module MIPS is either unconnected or has no load
WARNING: [Synth 8-7129] Port r2_out[19] in module MIPS is either unconnected or has no load
WARNING: [Synth 8-7129] Port r2_out[18] in module MIPS is either unconnected or has no load
WARNING: [Synth 8-7129] Port r2_out[17] in module MIPS is either unconnected or has no load
WARNING: [Synth 8-7129] Port r2_out[16] in module MIPS is either unconnected or has no load
WARNING: [Synth 8-7129] Port r2_out[15] in module MIPS is either unconnected or has no load
WARNING: [Synth 8-7129] Port r2_out[14] in module MIPS is either unconnected or has no load
WARNING: [Synth 8-7129] Port r2_out[13] in module MIPS is either unconnected or has no load
WARNING: [Synth 8-7129] Port r2_out[12] in module MIPS is either unconnected or has no load
WARNING: [Synth 8-7129] Port r2_out[11] in module MIPS is either unconnected or has no load
WARNING: [Synth 8-7129] Port r2_out[10] in module MIPS is either unconnected or has no load
WARNING: [Synth 8-7129] Port r2_out[9] in module MIPS is either unconnected or has no load
WARNING: [Synth 8-7129] Port r2_out[8] in module MIPS is either unconnected or has no load
WARNING: [Synth 8-7129] Port r2_out[7] in module MIPS is either unconnected or has no load
WARNING: [Synth 8-7129] Port r2_out[6] in module MIPS is either unconnected or has no load
WARNING: [Synth 8-7129] Port r2_out[5] in module MIPS is either unconnected or has no load
WARNING: [Synth 8-7129] Port r2_out[4] in module MIPS is either unconnected or has no load
WARNING: [Synth 8-7129] Port r2_out[3] in module MIPS is either unconnected or has no load
WARNING: [Synth 8-7129] Port r2_out[2] in module MIPS is either unconnected or has no load
WARNING: [Synth 8-7129] Port r2_out[1] in module MIPS is either unconnected or has no load
WARNING: [Synth 8-7129] Port r2_out[0] in module MIPS is either unconnected or has no load
WARNING: [Synth 8-7129] Port switch[2] in module MIPS is either unconnected or has no load
WARNING: [Synth 8-7129] Port switch[1] in module MIPS is either unconnected or has no load
WARNING: [Synth 8-7129] Port switch[0] in module MIPS is either unconnected or has no load
WARNING: [Synth 8-7129] Port led[7] in module Complete_MIPS is either unconnected or has no load
WARNING: [Synth 8-7129] Port led[6] in module Complete_MIPS is either unconnected or has no load
WARNING: [Synth 8-7129] Port led[5] in module Complete_MIPS is either unconnected or has no load
WARNING: [Synth 8-7129] Port led[4] in module Complete_MIPS is either unconnected or has no load
WARNING: [Synth 8-7129] Port led[3] in module Complete_MIPS is either unconnected or has no load
WARNING: [Synth 8-7129] Port led[2] in module Complete_MIPS is either unconnected or has no load
WARNING: [Synth 8-7129] Port led[1] in module Complete_MIPS is either unconnected or has no load
WARNING: [Synth 8-7129] Port led[0] in module Complete_MIPS is either unconnected or has no load
WARNING: [Synth 8-7129] Port btnL in module Complete_MIPS is either unconnected or has no load
---------------------------------------------------------------------------------
Finished RTL Elaboration : Time (s): cpu = 00:00:14 ; elapsed = 00:00:16 . Memory (MB): peak = 1410.371 ; gain = 664.484
---------------------------------------------------------------------------------
---------------------------------------------------------------------------------
Start Handling Custom Attributes
---------------------------------------------------------------------------------
---------------------------------------------------------------------------------
Finished Handling Custom Attributes : Time (s): cpu = 00:00:14 ; elapsed = 00:00:16 . Memory (MB): peak = 1410.371 ; gain = 664.484
---------------------------------------------------------------------------------
---------------------------------------------------------------------------------
Finished RTL Optimization Phase 1 : Time (s): cpu = 00:00:14 ; elapsed = 00:00:16 . Memory (MB): peak = 1410.371 ; gain = 664.484
---------------------------------------------------------------------------------
Netlist sorting complete. Time (s): cpu = 00:00:00 ; elapsed = 00:00:00.047 . Memory (MB): peak = 1410.371 ; gain = 0.000
INFO: [Project 1-570] Preparing netlist for logic optimization

Processing XDC Constraints
Initializing timing engine
Parsing XDC File [C:/Users/danny/460M-Labs/lab7/lab7.srcs/constrs_1/new/lab7_XDC.xdc]
Finished Parsing XDC File [C:/Users/danny/460M-Labs/lab7/lab7.srcs/constrs_1/new/lab7_XDC.xdc]
INFO: [Project 1-236] Implementation specific constraints were found while reading constraint file [C:/Users/danny/460M-Labs/lab7/lab7.srcs/constrs_1/new/lab7_XDC.xdc]. These constraints will be ignored for synthesis but will be used in implementation. Impacted constraints are listed in the file [.Xil/Complete_MIPS_propImpl.xdc].
Resolution: To avoid this warning, move constraints listed in [.Xil/Complete_MIPS_propImpl.xdc] to another XDC file and exclude this new file from synthesis with the used_in_synthesis property (File Properties dialog in GUI) and re-run elaboration/synthesis.
Completed Processing XDC Constraints

Netlist sorting complete. Time (s): cpu = 00:00:00 ; elapsed = 00:00:00.001 . Memory (MB): peak = 1483.098 ; gain = 0.000
INFO: [Project 1-111] Unisim Transformation Summary:
No Unisim elements were transformed.

Constraint Validation Runtime : Time (s): cpu = 00:00:00 ; elapsed = 00:00:00.026 . Memory (MB): peak = 1483.098 ; gain = 0.000
INFO: [Designutils 20-5440] No compile time benefit to using incremental synthesis; A full resynthesis will be run
INFO: [Designutils 20-4379] Flow is switching to default flow due to incremental criteria not met. If you would like to alter this behaviour and have the flow terminate instead, please set the following parameter config_implementation {autoIncr.Synth.RejectBehavior Terminate}
---------------------------------------------------------------------------------
Finished Constraint Validation : Time (s): cpu = 00:00:28 ; elapsed = 00:00:31 . Memory (MB): peak = 1483.098 ; gain = 737.211
---------------------------------------------------------------------------------
---------------------------------------------------------------------------------
Start Loading Part and Timing Information
---------------------------------------------------------------------------------
Loading part: xc7a35tcpg236-1
---------------------------------------------------------------------------------
Finished Loading Part and Timing Information : Time (s): cpu = 00:00:28 ; elapsed = 00:00:31 . Memory (MB): peak = 1483.098 ; gain = 737.211
---------------------------------------------------------------------------------
---------------------------------------------------------------------------------
Start Applying 'set_property' XDC Constraints
---------------------------------------------------------------------------------
---------------------------------------------------------------------------------
Finished applying 'set_property' XDC Constraints : Time (s): cpu = 00:00:28 ; elapsed = 00:00:32 . Memory (MB): peak = 1483.098 ; gain = 737.211
---------------------------------------------------------------------------------
INFO: [Synth 8-802] inferred FSM for state register 'state_reg' in module 'MIPS'
---------------------------------------------------------------------------------------------------
                   State |                     New Encoding |                Previous Encoding 
---------------------------------------------------------------------------------------------------
                 iSTATE3 |                              000 |                              000
                  iSTATE |                              001 |                              001
                 iSTATE0 |                              010 |                              010
                 iSTATE1 |                              011 |                              011
                 iSTATE2 |                              100 |                              100
                 iSTATE4 |                              101 |                              111
---------------------------------------------------------------------------------------------------
INFO: [Synth 8-3354] encoded FSM with state register 'state_reg' using encoding 'sequential' in module 'MIPS'
---------------------------------------------------------------------------------
Finished RTL Optimization Phase 2 : Time (s): cpu = 00:00:29 ; elapsed = 00:00:33 . Memory (MB): peak = 1483.098 ; gain = 737.211
---------------------------------------------------------------------------------
---------------------------------------------------------------------------------
Start RTL Component Statistics 
---------------------------------------------------------------------------------
Detailed RTL Component Info : 
+---Adders : 
	   2 Input   32 Bit       Adders := 1     
	   3 Input   32 Bit       Adders := 1     
	   2 Input   28 Bit       Adders := 1     
	   2 Input    7 Bit       Adders := 2     
	   2 Input    2 Bit       Adders := 1     
+---XORs : 
	   2 Input     32 Bit         XORs := 1     
+---Registers : 
	               32 Bit    Registers := 36    
	               28 Bit    Registers := 1     
	                7 Bit    Registers := 2     
	                6 Bit    Registers := 1     
	                4 Bit    Registers := 1     
	                3 Bit    Registers := 1     
	                2 Bit    Registers := 1     
	                1 Bit    Registers := 3     
+---RAMs : 
	               4K Bit	(128 X 32 bit)          RAMs := 1     
+---Muxes : 
	   2 Input   32 Bit        Muxes := 4     
	   6 Input   32 Bit        Muxes := 1     
	   2 Input   16 Bit        Muxes := 1     
	   2 Input    7 Bit        Muxes := 2     
	   6 Input    7 Bit        Muxes := 1     
	   2 Input    6 Bit        Muxes := 4     
	   3 Input    6 Bit        Muxes := 1     
	   6 Input    6 Bit        Muxes := 1     
	   3 Input    5 Bit        Muxes := 1     
	   2 Input    4 Bit        Muxes := 1     
	   4 Input    4 Bit        Muxes := 1     
	  24 Input    3 Bit        Muxes := 1     
	   2 Input    2 Bit        Muxes := 2     
	   3 Input    2 Bit        Muxes := 2     
	   2 Input    1 Bit        Muxes := 43    
	   4 Input    1 Bit        Muxes := 2     
	   3 Input    1 Bit        Muxes := 1     
	   6 Input    1 Bit        Muxes := 7     
---------------------------------------------------------------------------------
Finished RTL Component Statistics 
---------------------------------------------------------------------------------
---------------------------------------------------------------------------------
Start Part Resource Summary
---------------------------------------------------------------------------------
Part Resources:
DSPs: 90 (col length:60)
BRAMs: 100 (col length: RAMB18 60 RAMB36 30)
---------------------------------------------------------------------------------
Finished Part Resource Summary
---------------------------------------------------------------------------------
---------------------------------------------------------------------------------
Start Cross Boundary and Area Optimization
---------------------------------------------------------------------------------
WARNING: [Synth 8-7129] Port r1_out[31] in module REG is either unconnected or has no load
WARNING: [Synth 8-7129] Port r1_out[30] in module REG is either unconnected or has no load
WARNING: [Synth 8-7129] Port r1_out[29] in module REG is either unconnected or has no load
WARNING: [Synth 8-7129] Port r1_out[28] in module REG is either unconnected or has no load
WARNING: [Synth 8-7129] Port r1_out[27] in module REG is either unconnected or has no load
WARNING: [Synth 8-7129] Port r1_out[26] in module REG is either unconnected or has no load
WARNING: [Synth 8-7129] Port r1_out[25] in module REG is either unconnected or has no load
WARNING: [Synth 8-7129] Port r1_out[24] in module REG is either unconnected or has no load
WARNING: [Synth 8-7129] Port r1_out[23] in module REG is either unconnected or has no load
WARNING: [Synth 8-7129] Port r1_out[22] in module REG is either unconnected or has no load
WARNING: [Synth 8-7129] Port r1_out[21] in module REG is either unconnected or has no load
WARNING: [Synth 8-7129] Port r1_out[20] in module REG is either unconnected or has no load
WARNING: [Synth 8-7129] Port r1_out[19] in module REG is either unconnected or has no load
WARNING: [Synth 8-7129] Port r1_out[18] in module REG is either unconnected or has no load
WARNING: [Synth 8-7129] Port r1_out[17] in module REG is either unconnected or has no load
WARNING: [Synth 8-7129] Port r1_out[16] in module REG is either unconnected or has no load
WARNING: [Synth 8-7129] Port r1_out[15] in module REG is either unconnected or has no load
WARNING: [Synth 8-7129] Port r1_out[14] in module REG is either unconnected or has no load
WARNING: [Synth 8-7129] Port r1_out[13] in module REG is either unconnected or has no load
WARNING: [Synth 8-7129] Port r1_out[12] in module REG is either unconnected or has no load
WARNING: [Synth 8-7129] Port r1_out[11] in module REG is either unconnected or has no load
WARNING: [Synth 8-7129] Port r1_out[10] in module REG is either unconnected or has no load
WARNING: [Synth 8-7129] Port r1_out[9] in module REG is either unconnected or has no load
WARNING: [Synth 8-7129] Port r1_out[8] in module REG is either unconnected or has no load
INFO: [Common 17-14] Message 'Synth 8-7129' appears 100 times and further instances of the messages will be disabled. Use the Tcl command set_msg_config to change the current settings.
WARNING: [Synth 8-3332] Sequential element (FSM_sequential_state_reg[2]) is unused and will be removed from module MIPS.
WARNING: [Synth 8-3332] Sequential element (FSM_sequential_state_reg[1]) is unused and will be removed from module MIPS.
WARNING: [Synth 8-3332] Sequential element (FSM_sequential_state_reg[0]) is unused and will be removed from module MIPS.
---------------------------------------------------------------------------------
Finished Cross Boundary and Area Optimization : Time (s): cpu = 00:00:33 ; elapsed = 00:00:37 . Memory (MB): peak = 1483.098 ; gain = 737.211
---------------------------------------------------------------------------------
---------------------------------------------------------------------------------
Start Applying XDC Timing Constraints
---------------------------------------------------------------------------------
---------------------------------------------------------------------------------
Finished Applying XDC Timing Constraints : Time (s): cpu = 00:00:43 ; elapsed = 00:00:48 . Memory (MB): peak = 1612.352 ; gain = 866.465
---------------------------------------------------------------------------------
---------------------------------------------------------------------------------
Start Timing Optimization
---------------------------------------------------------------------------------
---------------------------------------------------------------------------------
Finished Timing Optimization : Time (s): cpu = 00:00:43 ; elapsed = 00:00:48 . Memory (MB): peak = 1631.711 ; gain = 885.824
---------------------------------------------------------------------------------
---------------------------------------------------------------------------------
Start Technology Mapping
---------------------------------------------------------------------------------
---------------------------------------------------------------------------------
Finished Technology Mapping : Time (s): cpu = 00:00:44 ; elapsed = 00:00:48 . Memory (MB): peak = 1631.711 ; gain = 885.824
---------------------------------------------------------------------------------
---------------------------------------------------------------------------------
Start IO Insertion
---------------------------------------------------------------------------------
---------------------------------------------------------------------------------
Start Flattening Before IO Insertion
---------------------------------------------------------------------------------
---------------------------------------------------------------------------------
Finished Flattening Before IO Insertion
---------------------------------------------------------------------------------
---------------------------------------------------------------------------------
Start Final Netlist Cleanup
---------------------------------------------------------------------------------
---------------------------------------------------------------------------------
Finished Final Netlist Cleanup
---------------------------------------------------------------------------------
---------------------------------------------------------------------------------
Finished IO Insertion : Time (s): cpu = 00:00:50 ; elapsed = 00:00:56 . Memory (MB): peak = 1871.332 ; gain = 1125.445
---------------------------------------------------------------------------------
---------------------------------------------------------------------------------
Start Renaming Generated Instances
---------------------------------------------------------------------------------
---------------------------------------------------------------------------------
Finished Renaming Generated Instances : Time (s): cpu = 00:00:50 ; elapsed = 00:00:56 . Memory (MB): peak = 1871.332 ; gain = 1125.445
---------------------------------------------------------------------------------
---------------------------------------------------------------------------------
Start Rebuilding User Hierarchy
---------------------------------------------------------------------------------
---------------------------------------------------------------------------------
Finished Rebuilding User Hierarchy : Time (s): cpu = 00:00:50 ; elapsed = 00:00:56 . Memory (MB): peak = 1871.332 ; gain = 1125.445
---------------------------------------------------------------------------------
---------------------------------------------------------------------------------
Start Renaming Generated Ports
---------------------------------------------------------------------------------
---------------------------------------------------------------------------------
Finished Renaming Generated Ports : Time (s): cpu = 00:00:50 ; elapsed = 00:00:56 . Memory (MB): peak = 1871.332 ; gain = 1125.445
---------------------------------------------------------------------------------
---------------------------------------------------------------------------------
Start Handling Custom Attributes
---------------------------------------------------------------------------------
---------------------------------------------------------------------------------
Finished Handling Custom Attributes : Time (s): cpu = 00:00:50 ; elapsed = 00:00:56 . Memory (MB): peak = 1871.332 ; gain = 1125.445
---------------------------------------------------------------------------------
---------------------------------------------------------------------------------
Start Renaming Generated Nets
---------------------------------------------------------------------------------
---------------------------------------------------------------------------------
Finished Renaming Generated Nets : Time (s): cpu = 00:00:50 ; elapsed = 00:00:56 . Memory (MB): peak = 1871.332 ; gain = 1125.445
---------------------------------------------------------------------------------
---------------------------------------------------------------------------------
Start Writing Synthesis Report
---------------------------------------------------------------------------------

Report BlackBoxes: 
+-+--------------+----------+
| |BlackBox name |Instances |
+-+--------------+----------+
+-+--------------+----------+

Report Cell Usage: 
+------+-------+------+
|      |Cell   |Count |
+------+-------+------+
|1     |BUFG   |     1|
|2     |CARRY4 |     7|
|3     |LUT1   |     2|
|4     |LUT2   |     5|
|5     |LUT4   |     1|
|6     |LUT5   |     1|
|7     |LUT6   |     5|
|8     |FDRE   |    30|
|9     |FDSE   |     1|
|10    |IBUF   |     1|
|11    |OBUF   |    11|
|12    |OBUFT  |     8|
+------+-------+------+
---------------------------------------------------------------------------------
Finished Writing Synthesis Report : Time (s): cpu = 00:00:50 ; elapsed = 00:00:56 . Memory (MB): peak = 1871.332 ; gain = 1125.445
---------------------------------------------------------------------------------
Synthesis finished with 0 errors, 0 critical warnings and 79 warnings.
Synthesis Optimization Runtime : Time (s): cpu = 00:00:33 ; elapsed = 00:00:52 . Memory (MB): peak = 1871.332 ; gain = 1052.719
Synthesis Optimization Complete : Time (s): cpu = 00:00:51 ; elapsed = 00:00:56 . Memory (MB): peak = 1871.332 ; gain = 1125.445
INFO: [Project 1-571] Translating synthesized netlist
Netlist sorting complete. Time (s): cpu = 00:00:00 ; elapsed = 00:00:00.001 . Memory (MB): peak = 1880.512 ; gain = 0.000
INFO: [Netlist 29-17] Analyzing 7 Unisim elements for replacement
INFO: [Netlist 29-28] Unisim Transformation completed in 0 CPU seconds
INFO: [Project 1-570] Preparing netlist for logic optimization
INFO: [Opt 31-138] Pushed 0 inverter(s) to 0 load pin(s).
Netlist sorting complete. Time (s): cpu = 00:00:00 ; elapsed = 00:00:00 . Memory (MB): peak = 1884.199 ; gain = 0.000
INFO: [Project 1-111] Unisim Transformation Summary:
No Unisim elements were transformed.

Synth Design complete | Checksum: 91587a0b
INFO: [Common 17-83] Releasing license: Synthesis
39 Infos, 110 Warnings, 0 Critical Warnings and 0 Errors encountered.
synth_design completed successfully
synth_design: Time (s): cpu = 00:00:56 ; elapsed = 00:01:05 . Memory (MB): peak = 1884.199 ; gain = 1323.121
Write ShapeDB Complete: Time (s): cpu = 00:00:00 ; elapsed = 00:00:00.002 . Memory (MB): peak = 1884.199 ; gain = 0.000
INFO: [Common 17-1381] The checkpoint 'C:/Users/danny/460M-Labs/lab7/lab7.runs/synth_1/Complete_MIPS.dcp' has been generated.
INFO: [Vivado 12-24828] Executing command : report_utilization -file Complete_MIPS_utilization_synth.rpt -pb Complete_MIPS_utilization_synth.pb
INFO: [Common 17-206] Exiting Vivado at Mon Apr 27 23:08:39 2026...
